2024-11-29 13:40:33.427: [INFO][Sync] Reset engine, reason: 8
2024-11-29 13:40:33.427: [INFO][Sync] Stopped: Bookmarks
2024-11-29 13:40:33.427: [INFO][Sync] Stopped: Preferences
2024-11-29 13:40:33.427: [INFO][Sync] Stopped: Passwords
2024-11-29 13:40:33.427: [INFO][Sync] Stopped: Autofill Profiles
2024-11-29 13:40:33.427: [INFO][Sync] Stopped: Autofill
2024-11-29 13:40:33.427: [INFO][Sync] Stopped: Typed URLs
2024-11-29 13:40:33.427: [INFO][Sync] Stopped: Extensions
2024-11-29 13:40:33.427: [INFO][Sync] Stopped: Sessions
2024-11-29 13:40:33.427: [INFO][Sync] Stopped: Extension settings
2024-11-29 13:40:33.427: [INFO][Sync] Stopped: History Delete Directives
2024-11-29 13:40:33.427: [INFO][Sync] Stopped: Device Info
2024-11-29 13:40:33.427: [INFO][Sync] Stopped: User Consents
2024-11-29 13:40:33.427: [INFO][Sync] Stopped: Send Tab To Self
2024-11-29 13:40:33.427: [INFO][Sync] Stopped: Web Apps
2024-11-29 13:40:33.427: [INFO][Sync] Stopped: History
2024-11-29 13:40:33.427: [INFO][Sync] Stopped: Collection
2024-11-29 13:40:33.427: [INFO][Sync] Stopped: Edge E Drop
2024-11-29 13:40:33.427: [INFO][Sync] Stopped: Edge Hub App Usage
2024-11-29 13:40:33.427: [INFO][Sync] Stopped: Edge Tab Group
2024-11-29 13:40:33.427: [INFO][Sync] Stopped: Edge Wallet
2024-11-29 13:40:33.427: [INFO][Sync] SyncState after authenticated was: NotSignedIn
2024-11-29 13:40:33.661: [INFO][Sync] Reset engine, reason: 8
2024-11-29 13:40:33.661: [INFO][Sync] Stopped: Bookmarks
2024-11-29 13:40:33.661: [INFO][Sync] Stopped: Preferences
2024-11-29 13:40:33.661: [INFO][Sync] Stopped: Passwords
2024-11-29 13:40:33.661: [INFO][Sync] Stopped: Autofill Profiles
2024-11-29 13:40:33.661: [INFO][Sync] Stopped: Autofill
2024-11-29 13:40:33.661: [INFO][Sync] Stopped: Typed URLs
2024-11-29 13:40:33.661: [INFO][Sync] Stopped: Extensions
2024-11-29 13:40:33.661: [INFO][Sync] Stopped: Sessions
2024-11-29 13:40:33.661: [INFO][Sync] Stopped: Extension settings
2024-11-29 13:40:33.661: [INFO][Sync] Stopped: History Delete Directives
2024-11-29 13:40:33.661: [INFO][Sync] Stopped: Device Info
2024-11-29 13:40:33.661: [INFO][Sync] Stopped: User Consents
2024-11-29 13:40:33.661: [INFO][Sync] Stopped: Send Tab To Self
2024-11-29 13:40:33.661: [INFO][Sync] Stopped: Web Apps
2024-11-29 13:40:33.661: [INFO][Sync] Stopped: History
2024-11-29 13:40:33.661: [INFO][Sync] Stopped: Collection
2024-11-29 13:40:33.661: [INFO][Sync] Stopped: Edge E Drop
2024-11-29 13:40:33.661: [INFO][Sync] Stopped: Edge Hub App Usage
2024-11-29 13:40:33.661: [INFO][Sync] Stopped: Edge Tab Group
2024-11-29 13:40:33.661: [INFO][Sync] Stopped: Edge Wallet
2024-11-29 14:04:37.184: [INFO][Sync] Reset engine, reason: 0
2024-11-29 14:05:06.959: [INFO][Sync] Reset engine, reason: 8
2024-11-29 14:05:06.959: [INFO][Sync] Stopped: Bookmarks
2024-11-29 14:05:06.959: [INFO][Sync] Stopped: Preferences
2024-11-29 14:05:06.959: [INFO][Sync] Stopped: Passwords
2024-11-29 14:05:06.959: [INFO][Sync] Stopped: Autofill Profiles
2024-11-29 14:05:06.960: [INFO][Sync] Stopped: Autofill
2024-11-29 14:05:06.960: [INFO][Sync] Stopped: Typed URLs
2024-11-29 14:05:06.960: [INFO][Sync] Stopped: Extensions
2024-11-29 14:05:06.960: [INFO][Sync] Stopped: Sessions
2024-11-29 14:05:06.960: [INFO][Sync] Stopped: Extension settings
2024-11-29 14:05:06.960: [INFO][Sync] Stopped: History Delete Directives
2024-11-29 14:05:06.960: [INFO][Sync] Stopped: Device Info
2024-11-29 14:05:06.960: [INFO][Sync] Stopped: User Consents
2024-11-29 14:05:06.960: [INFO][Sync] Stopped: Send Tab To Self
2024-11-29 14:05:06.960: [INFO][Sync] Stopped: Web Apps
2024-11-29 14:05:06.960: [INFO][Sync] Stopped: History
2024-11-29 14:05:06.960: [INFO][Sync] Stopped: Collection
2024-11-29 14:05:06.960: [INFO][Sync] Stopped: Edge E Drop
2024-11-29 14:05:06.960: [INFO][Sync] Stopped: Edge Hub App Usage
2024-11-29 14:05:06.960: [INFO][Sync] Stopped: Edge Tab Group
2024-11-29 14:05:06.960: [INFO][Sync] Stopped: Edge Wallet
2024-11-29 14:05:06.960: [INFO][Sync] SyncState after authenticated was: NotSignedIn
2024-11-29 14:05:07.163: [INFO][Sync] Reset engine, reason: 8
2024-11-29 14:05:07.163: [INFO][Sync] Stopped: Bookmarks
2024-11-29 14:05:07.163: [INFO][Sync] Stopped: Preferences
2024-11-29 14:05:07.163: [INFO][Sync] Stopped: Passwords
2024-11-29 14:05:07.163: [INFO][Sync] Stopped: Autofill Profiles
2024-11-29 14:05:07.163: [INFO][Sync] Stopped: Autofill
2024-11-29 14:05:07.164: [INFO][Sync] Stopped: Typed URLs
2024-11-29 14:05:07.164: [INFO][Sync] Stopped: Extensions
2024-11-29 14:05:07.164: [INFO][Sync] Stopped: Sessions
2024-11-29 14:05:07.164: [INFO][Sync] Stopped: Extension settings
2024-11-29 14:05:07.164: [INFO][Sync] Stopped: History Delete Directives
2024-11-29 14:05:07.164: [INFO][Sync] Stopped: Device Info
2024-11-29 14:05:07.164: [INFO][Sync] Stopped: User Consents
2024-11-29 14:05:07.164: [INFO][Sync] Stopped: Send Tab To Self
2024-11-29 14:05:07.164: [INFO][Sync] Stopped: Web Apps
2024-11-29 14:05:07.164: [INFO][Sync] Stopped: History
2024-11-29 14:05:07.164: [INFO][Sync] Stopped: Collection
2024-11-29 14:05:07.164: [INFO][Sync] Stopped: Edge E Drop
2024-11-29 14:05:07.164: [INFO][Sync] Stopped: Edge Hub App Usage
2024-11-29 14:05:07.164: [INFO][Sync] Stopped: Edge Tab Group
2024-11-29 14:05:07.164: [INFO][Sync] Stopped: Edge Wallet
2024-11-29 14:07:47.412: [INFO][Sync] Reset engine, reason: 0
